# JRE version: OpenJDK Runtime Environment (17.0.7+7) (build 17.0.7+7-Ubuntu-0ubuntu120.04)
# Java VM: OpenJDK 64-Bit Server VM (17.0.7+7-Ubuntu-0ubuntu120.04, mixed mode, emulated-client, sharing, tiered, compressed oops, compressed class ptrs, g1 gc, linux-amd64)
GC Precious Log:
 CPUs: 12 total, 12 available
 Memory: 23991M
 Large Page Support: Disabled
 NUMA Support: Disabled
 Compressed Oops: Enabled (Zero based)
 Heap Region Size: 4M
 Heap Min Capacity: 8M
 Heap Initial Capacity: 376M
 Heap Max Capacity: 6000M
 Pre-touch: Disabled
 Parallel Workers: 10
 Concurrent Workers: 3
 Concurrent Refinement Workers: 10
 Periodic GC: Disabled
Heap:
 garbage-first heap   total 393216K, used 115132K [0x0000000689000000, 0x0000000800000000)
  region size 4096K, 21 young (86016K), 3 survivors (12288K)
 Metaspace       used 8403K, committed 8704K, reserved 1114112K
  class space    used 1147K, committed 1280K, reserved 1048576K
GC Heap History (9 events):
Event: 0.429 GC heap before
{Heap before GC invocations=0 (full 0):
 garbage-first heap   total 393216K, used 24544K [0x0000000689000000, 0x0000000800000000)
  region size 4096K, 5 young (20480K), 0 survivors (0K)
 Metaspace       used 3121K, committed 3392K, reserved 1114112K
  class space    used 361K, committed 512K, reserved 1048576K
}
Event: 0.435 GC heap after
{Heap after GC invocations=1 (full 0):
 garbage-first heap   total 393216K, used 13125K [0x0000000689000000, 0x0000000800000000)
  region size 4096K, 1 young (4096K), 1 survivors (4096K)
 Metaspace       used 3121K, committed 3392K, reserved 1114112K
  class space    used 361K, committed 512K, reserved 1048576K
}
Event: 0.463 GC heap before
{Heap before GC invocations=1 (full 0):
 garbage-first heap   total 393216K, used 25413K [0x0000000689000000, 0x0000000800000000)
  region size 4096K, 4 young (16384K), 1 survivors (4096K)
 Metaspace       used 3121K, committed 3392K, reserved 1114112K
  class space    used 361K, committed 512K, reserved 1048576K
}
Event: 0.468 GC heap after
{Heap after GC invocations=2 (full 0):
 garbage-first heap   total 393216K, used 23170K [0x0000000689000000, 0x0000000800000000)
  region size 4096K, 1 young (4096K), 1 survivors (4096K)
 Metaspace       used 3121K, committed 3392K, reserved 1114112K
  class space    used 361K, committed 512K, reserved 1048576K
}
Event: 0.533 GC heap before
{Heap before GC invocations=2 (full 0):
 garbage-first heap   total 393216K, used 43650K [0x0000000689000000, 0x0000000800000000)
  region size 4096K, 6 young (24576K), 1 survivors (4096K)
 Metaspace       used 3341K, committed 3584K, reserved 1114112K
  class space    used 405K, committed 512K, reserved 1048576K
}
Event: 0.537 GC heap after
{Heap after GC invocations=3 (full 0):
 garbage-first heap   total 393216K, used 32443K [0x0000000689000000, 0x0000000800000000)
  region size 4096K, 1 young (4096K), 1 survivors (4096K)
 Metaspace       used 3341K, committed 3584K, reserved 1114112K
  class space    used 405K, committed 512K, reserved 1048576K
}
Event: 0.603 GC heap before
{Heap before GC invocations=3 (full 0):
 garbage-first heap   total 393216K, used 65211K [0x0000000689000000, 0x0000000800000000)
  region size 4096K, 9 young (36864K), 1 survivors (4096K)
 Metaspace       used 3342K, committed 3584K, reserved 1114112K
  class space    used 405K, committed 512K, reserved 1048576K
}
Event: 0.609 GC heap after
{Heap after GC invocations=4 (full 0):
 garbage-first heap   total 393216K, used 41404K [0x0000000689000000, 0x0000000800000000)
  region size 4096K, 2 young (8192K), 2 survivors (8192K)
 Metaspace       used 3342K, committed 3584K, reserved 1114112K
  class space    used 405K, committed 512K, reserved 1048576K
}
Event: 1.794 GC heap before
{Heap before GC invocations=4 (full 0):
 garbage-first heap   total 393216K, used 115132K [0x0000000689000000, 0x0000000800000000)
  region size 4096K, 20 young (81920K), 2 survivors (8192K)
 Metaspace       used 8403K, committed 8704K, reserved 1114112K
  class space    used 1147K, committed 1280K, reserved 1048576K
}

